ERROR:root:Erreur lors de la copie des fichiers: 'MainWindow' object has no attribute 'chemin_de_dossier_a_scanner'
ERROR:root:Erreur lors de la copie des fichiers: 'MainWindow' object has no attribute 'chemin_de_dossier_a_scanner'
ERROR:root:Erreur lors de la copie des fichiers: 'MainWindow' object has no attribute 'chemin_de_dossier_a_scanner'
ERROR:root:Erreur lors de la copie des fichiers: 'MainWindow' object has no attribute 'chemin_de_dossier_a_scanner'
ERROR:root:Erreur lors de la copie des fichiers: 'MainWindow' object has no attribute 'chemin_de_dossier_a_scanner'
ERROR:root:Erreur lors de la copie des fichiers: 'MainWindow' object has no attribute 'chemin_de_dossier_destination'
ERROR:root:Erreur lors de la copie des fichiers: 'MainWindow' object has no attribute 'chemin_de_dossier_destination'
ERROR:root:Erreur lors de la copie des fichiers: 'MainWindow' object has no attribute 'label_msg_err_size'
ERROR:root:Erreur lors de la copie des fichiers: 'MainWindow' object has no attribute 'chemin_de_dossier_a_scanner'
ERROR:root:Erreur lors de la copie des fichiers: 'MainWindow' object has no attribute 'chemin_de_dossier_a_scanner'
ERROR:root:Erreur lors de la copie des fichiers: 'MainWindow' object has no attribute 'chemin_de_dossier_a_scanner'
ERROR:root:Erreur lors de la copie des fichiers: 'MainWindow' object has no attribute 'chemin_de_dossier_a_scanner'
ERROR:root:Erreur lors de la copie des fichiers: 'MainWindow' object has no attribute 'chemin_de_dossier_a_scanner'
ERROR:root:Erreur lors de la copie des fichiers: 'MainWindow' object has no attribute 'chemin_de_dossier_a_scanner'
ERROR:root:Erreur lors de la copie des fichiers: 'MainWindow' object has no attribute 'chemin_de_dossier_a_scanner'
ERROR:root:Erreur lors de la copie des fichiers: 'MainWindow' object has no attribute 'progressBar'
ERROR:root:Erreur lors de la copie des fichiers: 'MainWindow' object has no attribute 'progressBar'
ERROR:root:Erreur lors de la copie des fichiers: 'MainWindow' object has no attribute 'progressBar'
ERROR:root:Erreur lors de la copie du fichier VID_20240816_163155_476.mp4: '/home/belouz/Bureau/BIBLO/VID_20240816_163155_476.mp4' and '/home/belouz/Bureau/BIBLO/VID_20240816_163155_476.mp4' are the same file
ERROR:root:Erreur lors de la copie du fichier 2024-08-18 11-18-40.mp4: '/home/belouz/Bureau/BIBLO/2024-08-18 11-18-40.mp4' and '/home/belouz/Bureau/BIBLO/2024-08-18 11-18-40.mp4' are the same file
ERROR:root:Erreur lors de la copie du fichier VID_20240924_210219_510.mp4: '/home/belouz/Bureau/BIBLO/VID_20240924_210219_510.mp4' and '/home/belouz/Bureau/BIBLO/VID_20240924_210219_510.mp4' are the same file
ERROR:root:Erreur lors de la copie du fichier .trashed-1727896574-VID_20240902_201350_125.mp4: '/home/belouz/Bureau/BIBLO/.trashed-1727896574-VID_20240902_201350_125.mp4' and '/home/belouz/Bureau/BIBLO/.trashed-1727896574-VID_20240902_201350_125.mp4' are the same file
ERROR:root:Erreur lors de la copie du fichier VID_20240804_212358_850.mp4: '/home/belouz/Bureau/BIBLO/VID_20240804_212358_850.mp4' and '/home/belouz/Bureau/BIBLO/VID_20240804_212358_850.mp4' are the same file
ERROR:root:Erreur lors de la copie du fichier .trashed-1730469045-2089327476871928979.mp4: '/home/belouz/Bureau/BIBLO/.trashed-1730469045-2089327476871928979.mp4' and '/home/belouz/Bureau/BIBLO/.trashed-1730469045-2089327476871928979.mp4' are the same file
ERROR:root:Erreur lors de la copie du fichier VID_20240731_213214_403.mp4: '/home/belouz/Bureau/BIBLO/VID_20240731_213214_403.mp4' and '/home/belouz/Bureau/BIBLO/VID_20240731_213214_403.mp4' are the same file
ERROR:root:Erreur lors de la copie du fichier VID_20241001_192530_348.mp4: '/home/belouz/Bureau/BIBLO/VID_20241001_192530_348.mp4' and '/home/belouz/Bureau/BIBLO/VID_20241001_192530_348.mp4' are the same file
ERROR:root:Erreur lors de la copie du fichier VID_20241001_185015_425.mp4: '/home/belouz/Bureau/BIBLO/VID_20241001_185015_425.mp4' and '/home/belouz/Bureau/BIBLO/VID_20241001_185015_425.mp4' are the same file
ERROR:root:Erreur lors de la copie du fichier VID_20240802_092624_144.mp4: '/home/belouz/Bureau/BIBLO/VID_20240802_092624_144.mp4' and '/home/belouz/Bureau/BIBLO/VID_20240802_092624_144.mp4' are the same file
ERROR:root:Erreur lors de la copie du fichier .trashed-1730469045--6524693841902607638.mp4: '/home/belouz/Bureau/BIBLO/.trashed-1730469045--6524693841902607638.mp4' and '/home/belouz/Bureau/BIBLO/.trashed-1730469045--6524693841902607638.mp4' are the same file
ERROR:root:Erreur lors de la copie du fichier VID_20241001_181136_862.mp4: '/home/belouz/Bureau/BIBLO/VID_20241001_181136_862.mp4' and '/home/belouz/Bureau/BIBLO/VID_20241001_181136_862.mp4' are the same file
ERROR:root:Erreur lors de la copie du fichier VID_20241002_150425_973.mp4: '/home/belouz/Bureau/BIBLO/VID_20241002_150425_973.mp4' and '/home/belouz/Bureau/BIBLO/VID_20241002_150425_973.mp4' are the same file
ERROR:root:Erreur lors de la copie du fichier VID_20241002_150458_469.mp4: '/home/belouz/Bureau/BIBLO/VID_20241002_150458_469.mp4' and '/home/belouz/Bureau/BIBLO/VID_20241002_150458_469.mp4' are the same file
ERROR:root:Erreur lors de la copie du fichier VID_20240727_192621_124.mp4: '/home/belouz/Bureau/BIBLO/VID_20240727_192621_124.mp4' and '/home/belouz/Bureau/BIBLO/VID_20240727_192621_124.mp4' are the same file
ERROR:root:Erreur lors de la copie du fichier 2024-08-18 11-14-46.mkv: '/home/belouz/Bureau/BIBLO/2024-08-18 11-14-46.mkv' and '/home/belouz/Bureau/BIBLO/2024-08-18 11-14-46.mkv' are the same file
ERROR:root:Erreur lors de la copie du fichier VID_20240810_154339_454.mp4: '/home/belouz/Bureau/BIBLO/VID_20240810_154339_454.mp4' and '/home/belouz/Bureau/BIBLO/VID_20240810_154339_454.mp4' are the same file
ERROR:root:Erreur lors de la copie du fichier 2024-08-18 11-18-40.mkv: '/home/belouz/Bureau/BIBLO/2024-08-18 11-18-40.mkv' and '/home/belouz/Bureau/BIBLO/2024-08-18 11-18-40.mkv' are the same file
ERROR:root:Erreur lors de la copie du fichier 2024-08-18 11-14-46.mp4: '/home/belouz/Bureau/BIBLO/2024-08-18 11-14-46.mp4' and '/home/belouz/Bureau/BIBLO/2024-08-18 11-14-46.mp4' are the same file
ERROR:root:Erreur lors de la copie du fichier VID_20240921_201434_612.mp4: '/home/belouz/Bureau/BIBLO/VID_20240921_201434_612.mp4' and '/home/belouz/Bureau/BIBLO/VID_20240921_201434_612.mp4' are the same file
ERROR:root:Erreur lors de la copie du fichier PYTHON PROGRAMMATION ORIENTÉE OBJET et impact en machine learning (9-30)_Full-HD.mp4: '/home/belouz/Bureau/BIBLO/PYTHON PROGRAMMATION ORIENTÉE OBJET et impact en machine learning (9-30)_Full-HD.mp4' and '/home/belouz/Bureau/BIBLO/PYTHON PROGRAMMATION ORIENTÉE OBJET et impact en machine learning (9-30)_Full-HD.mp4' are the same file
ERROR:root:Erreur lors de la copie du fichier Convert GUI App to Real Program -  Python to exe to setup wizard_4K.mp4: '/home/belouz/Bureau/BIBLO/Convert GUI App to Real Program -  Python to exe to setup wizard_4K.mp4' and '/home/belouz/Bureau/BIBLO/Convert GUI App to Real Program -  Python to exe to setup wizard_4K.mp4' are the same file
ERROR:root:Erreur lors de la copie du fichier VID_20240816_163155_476.mp4: '/home/belouz/Bureau/BIBLO/VID_20240816_163155_476.mp4' and '/home/belouz/Bureau/BIBLO/VID_20240816_163155_476.mp4' are the same file
ERROR:root:Erreur lors de la copie du fichier Apprendre le Machine Learning - Que faire maintenant ___ (30-30)_Full-HD.mp4: '/home/belouz/Bureau/BIBLO/Apprendre le Machine Learning - Que faire maintenant ___ (30-30)_Full-HD.mp4' and '/home/belouz/Bureau/BIBLO/Apprendre le Machine Learning - Que faire maintenant ___ (30-30)_Full-HD.mp4' are the same file
ERROR:root:Erreur lors de la copie du fichier 2024-08-18 11-18-40.mp4: '/home/belouz/Bureau/BIBLO/2024-08-18 11-18-40.mp4' and '/home/belouz/Bureau/BIBLO/2024-08-18 11-18-40.mp4' are the same file
ERROR:root:Erreur lors de la copie du fichier PYTHON NUMPY STATISTIQUES et MATHÉMATIQUES (12-30)_Full-HD.mp4: '/home/belouz/Bureau/BIBLO/PYTHON NUMPY STATISTIQUES et MATHÉMATIQUES (12-30)_Full-HD.mp4' and '/home/belouz/Bureau/BIBLO/PYTHON NUMPY STATISTIQUES et MATHÉMATIQUES (12-30)_Full-HD.mp4' are the same file
ERROR:root:Erreur lors de la copie du fichier VID_20240924_210219_510.mp4: '/home/belouz/Bureau/BIBLO/VID_20240924_210219_510.mp4' and '/home/belouz/Bureau/BIBLO/VID_20240924_210219_510.mp4' are the same file
ERROR:root:Erreur lors de la copie du fichier .trashed-1727896574-VID_20240902_201350_125.mp4: '/home/belouz/Bureau/BIBLO/.trashed-1727896574-VID_20240902_201350_125.mp4' and '/home/belouz/Bureau/BIBLO/.trashed-1727896574-VID_20240902_201350_125.mp4' are the same file
ERROR:root:Erreur lors de la copie du fichier VID_20240804_212358_850.mp4: '/home/belouz/Bureau/BIBLO/VID_20240804_212358_850.mp4' and '/home/belouz/Bureau/BIBLO/VID_20240804_212358_850.mp4' are the same file
ERROR:root:Erreur lors de la copie du fichier PyQt5 FULL Modern Gui Tutorial @2 - Login Form- GUI & Database [for beginner_Full-HD.mp4: '/home/belouz/Bureau/BIBLO/PyQt5 FULL Modern Gui Tutorial @2 - Login Form- GUI & Database [for beginner_Full-HD.mp4' and '/home/belouz/Bureau/BIBLO/PyQt5 FULL Modern Gui Tutorial @2 - Login Form- GUI & Database [for beginner_Full-HD.mp4' are the same file
ERROR:root:Erreur lors de la copie du fichier .trashed-1730469045-2089327476871928979.mp4: '/home/belouz/Bureau/BIBLO/.trashed-1730469045-2089327476871928979.mp4' and '/home/belouz/Bureau/BIBLO/.trashed-1730469045-2089327476871928979.mp4' are the same file
ERROR:root:Erreur lors de la copie du fichier VID_20240731_213214_403.mp4: '/home/belouz/Bureau/BIBLO/VID_20240731_213214_403.mp4' and '/home/belouz/Bureau/BIBLO/VID_20240731_213214_403.mp4' are the same file
ERROR:root:Erreur lors de la copie du fichier VID_20241001_192530_348.mp4: '/home/belouz/Bureau/BIBLO/VID_20241001_192530_348.mp4' and '/home/belouz/Bureau/BIBLO/VID_20241001_192530_348.mp4' are the same file
ERROR:root:Erreur lors de la copie du fichier VID_20241001_185015_425.mp4: '/home/belouz/Bureau/BIBLO/VID_20241001_185015_425.mp4' and '/home/belouz/Bureau/BIBLO/VID_20241001_185015_425.mp4' are the same file
ERROR:root:Erreur lors de la copie du fichier VID_20240802_092624_144.mp4: '/home/belouz/Bureau/BIBLO/VID_20240802_092624_144.mp4' and '/home/belouz/Bureau/BIBLO/VID_20240802_092624_144.mp4' are the same file
ERROR:root:Erreur lors de la copie du fichier Making Simple Graphical Linux Distro from Scratch_Full-HD.mp4: '/home/belouz/Bureau/BIBLO/Making Simple Graphical Linux Distro from Scratch_Full-HD.mp4' and '/home/belouz/Bureau/BIBLO/Making Simple Graphical Linux Distro from Scratch_Full-HD.mp4' are the same file
ERROR:root:Erreur lors de la copie du fichier .trashed-1730469045--6524693841902607638.mp4: '/home/belouz/Bureau/BIBLO/.trashed-1730469045--6524693841902607638.mp4' and '/home/belouz/Bureau/BIBLO/.trashed-1730469045--6524693841902607638.mp4' are the same file
ERROR:root:Erreur lors de la copie du fichier VID_20241001_181136_862.mp4: '/home/belouz/Bureau/BIBLO/VID_20241001_181136_862.mp4' and '/home/belouz/Bureau/BIBLO/VID_20241001_181136_862.mp4' are the same file
ERROR:root:Erreur lors de la copie du fichier VID_20241002_150425_973.mp4: '/home/belouz/Bureau/BIBLO/VID_20241002_150425_973.mp4' and '/home/belouz/Bureau/BIBLO/VID_20241002_150425_973.mp4' are the same file
ERROR:root:Erreur lors de la copie du fichier VID_20241002_150458_469.mp4: '/home/belouz/Bureau/BIBLO/VID_20241002_150458_469.mp4' and '/home/belouz/Bureau/BIBLO/VID_20241002_150458_469.mp4' are the same file
ERROR:root:Erreur lors de la copie du fichier VID_20240727_192621_124.mp4: '/home/belouz/Bureau/BIBLO/VID_20240727_192621_124.mp4' and '/home/belouz/Bureau/BIBLO/VID_20240727_192621_124.mp4' are the same file
ERROR:root:Erreur lors de la copie du fichier 2024-08-18 11-14-46.mkv: '/home/belouz/Bureau/BIBLO/2024-08-18 11-14-46.mkv' and '/home/belouz/Bureau/BIBLO/2024-08-18 11-14-46.mkv' are the same file
ERROR:root:Erreur lors de la copie du fichier VID_20240810_154339_454.mp4: '/home/belouz/Bureau/BIBLO/VID_20240810_154339_454.mp4' and '/home/belouz/Bureau/BIBLO/VID_20240810_154339_454.mp4' are the same file
ERROR:root:Erreur lors de la copie du fichier 2024-08-18 11-18-40.mkv: '/home/belouz/Bureau/BIBLO/2024-08-18 11-18-40.mkv' and '/home/belouz/Bureau/BIBLO/2024-08-18 11-18-40.mkv' are the same file
ERROR:root:Erreur lors de la copie du fichier 2024-08-18 11-14-46.mp4: '/home/belouz/Bureau/BIBLO/2024-08-18 11-14-46.mp4' and '/home/belouz/Bureau/BIBLO/2024-08-18 11-14-46.mp4' are the same file
ERROR:root:Erreur lors de la copie du fichier VID_20240921_201434_612.mp4: '/home/belouz/Bureau/BIBLO/VID_20240921_201434_612.mp4' and '/home/belouz/Bureau/BIBLO/VID_20240921_201434_612.mp4' are the same file
ERROR:root:Erreur lors de la copie des fichiers: 'MainWindow' object has no attribute 'progressbar'
ERROR:root:Erreur lors de la copie du fichier VID_20240816_163155_476.mp4: '/home/belouz/Bureau/BIBLO/VID_20240816_163155_476.mp4' and '/home/belouz/Bureau/BIBLO/VID_20240816_163155_476.mp4' are the same file
ERROR:root:Erreur lors de la copie du fichier 2024-08-18 11-18-40.mp4: '/home/belouz/Bureau/BIBLO/2024-08-18 11-18-40.mp4' and '/home/belouz/Bureau/BIBLO/2024-08-18 11-18-40.mp4' are the same file
ERROR:root:Erreur lors de la copie du fichier VID_20240924_210219_510.mp4: '/home/belouz/Bureau/BIBLO/VID_20240924_210219_510.mp4' and '/home/belouz/Bureau/BIBLO/VID_20240924_210219_510.mp4' are the same file
ERROR:root:Erreur lors de la copie du fichier .trashed-1727896574-VID_20240902_201350_125.mp4: '/home/belouz/Bureau/BIBLO/.trashed-1727896574-VID_20240902_201350_125.mp4' and '/home/belouz/Bureau/BIBLO/.trashed-1727896574-VID_20240902_201350_125.mp4' are the same file
ERROR:root:Erreur lors de la copie du fichier VID_20240804_212358_850.mp4: '/home/belouz/Bureau/BIBLO/VID_20240804_212358_850.mp4' and '/home/belouz/Bureau/BIBLO/VID_20240804_212358_850.mp4' are the same file
ERROR:root:Erreur lors de la copie du fichier .trashed-1730469045-2089327476871928979.mp4: '/home/belouz/Bureau/BIBLO/.trashed-1730469045-2089327476871928979.mp4' and '/home/belouz/Bureau/BIBLO/.trashed-1730469045-2089327476871928979.mp4' are the same file
ERROR:root:Erreur lors de la copie du fichier VID_20240731_213214_403.mp4: '/home/belouz/Bureau/BIBLO/VID_20240731_213214_403.mp4' and '/home/belouz/Bureau/BIBLO/VID_20240731_213214_403.mp4' are the same file
ERROR:root:Erreur lors de la copie du fichier VID_20241001_192530_348.mp4: '/home/belouz/Bureau/BIBLO/VID_20241001_192530_348.mp4' and '/home/belouz/Bureau/BIBLO/VID_20241001_192530_348.mp4' are the same file
ERROR:root:Erreur lors de la copie du fichier VID_20241001_185015_425.mp4: '/home/belouz/Bureau/BIBLO/VID_20241001_185015_425.mp4' and '/home/belouz/Bureau/BIBLO/VID_20241001_185015_425.mp4' are the same file
ERROR:root:Erreur lors de la copie du fichier VID_20240802_092624_144.mp4: '/home/belouz/Bureau/BIBLO/VID_20240802_092624_144.mp4' and '/home/belouz/Bureau/BIBLO/VID_20240802_092624_144.mp4' are the same file
ERROR:root:Erreur lors de la copie du fichier .trashed-1730469045--6524693841902607638.mp4: '/home/belouz/Bureau/BIBLO/.trashed-1730469045--6524693841902607638.mp4' and '/home/belouz/Bureau/BIBLO/.trashed-1730469045--6524693841902607638.mp4' are the same file
ERROR:root:Erreur lors de la copie du fichier VID_20241001_181136_862.mp4: '/home/belouz/Bureau/BIBLO/VID_20241001_181136_862.mp4' and '/home/belouz/Bureau/BIBLO/VID_20241001_181136_862.mp4' are the same file
ERROR:root:Erreur lors de la copie du fichier VID_20241002_150425_973.mp4: '/home/belouz/Bureau/BIBLO/VID_20241002_150425_973.mp4' and '/home/belouz/Bureau/BIBLO/VID_20241002_150425_973.mp4' are the same file
ERROR:root:Erreur lors de la copie du fichier VID_20241002_150458_469.mp4: '/home/belouz/Bureau/BIBLO/VID_20241002_150458_469.mp4' and '/home/belouz/Bureau/BIBLO/VID_20241002_150458_469.mp4' are the same file
ERROR:root:Erreur lors de la copie du fichier VID_20240727_192621_124.mp4: '/home/belouz/Bureau/BIBLO/VID_20240727_192621_124.mp4' and '/home/belouz/Bureau/BIBLO/VID_20240727_192621_124.mp4' are the same file
ERROR:root:Erreur lors de la copie du fichier 2024-08-18 11-14-46.mkv: '/home/belouz/Bureau/BIBLO/2024-08-18 11-14-46.mkv' and '/home/belouz/Bureau/BIBLO/2024-08-18 11-14-46.mkv' are the same file
ERROR:root:Erreur lors de la copie du fichier VID_20240810_154339_454.mp4: '/home/belouz/Bureau/BIBLO/VID_20240810_154339_454.mp4' and '/home/belouz/Bureau/BIBLO/VID_20240810_154339_454.mp4' are the same file
ERROR:root:Erreur lors de la copie du fichier 2024-08-18 11-18-40.mkv: '/home/belouz/Bureau/BIBLO/2024-08-18 11-18-40.mkv' and '/home/belouz/Bureau/BIBLO/2024-08-18 11-18-40.mkv' are the same file
ERROR:root:Erreur lors de la copie du fichier 2024-08-18 11-14-46.mp4: '/home/belouz/Bureau/BIBLO/2024-08-18 11-14-46.mp4' and '/home/belouz/Bureau/BIBLO/2024-08-18 11-14-46.mp4' are the same file
ERROR:root:Erreur lors de la copie du fichier VID_20240921_201434_612.mp4: '/home/belouz/Bureau/BIBLO/VID_20240921_201434_612.mp4' and '/home/belouz/Bureau/BIBLO/VID_20240921_201434_612.mp4' are the same file
ERROR:root:Erreur lors de la copie du fichier PYTHON PROGRAMMATION ORIENTÉE OBJET et impact en machine learning (9-30)_Full-HD.mp4: '/home/belouz/Bureau/BIBLO/PYTHON PROGRAMMATION ORIENTÉE OBJET et impact en machine learning (9-30)_Full-HD.mp4' and '/home/belouz/Bureau/BIBLO/PYTHON PROGRAMMATION ORIENTÉE OBJET et impact en machine learning (9-30)_Full-HD.mp4' are the same file
ERROR:root:Erreur lors de la copie du fichier Convert GUI App to Real Program -  Python to exe to setup wizard_4K.mp4: '/home/belouz/Bureau/BIBLO/Convert GUI App to Real Program -  Python to exe to setup wizard_4K.mp4' and '/home/belouz/Bureau/BIBLO/Convert GUI App to Real Program -  Python to exe to setup wizard_4K.mp4' are the same file
ERROR:root:Erreur lors de la copie du fichier VID_20240816_163155_476.mp4: '/home/belouz/Bureau/BIBLO/VID_20240816_163155_476.mp4' and '/home/belouz/Bureau/BIBLO/VID_20240816_163155_476.mp4' are the same file
ERROR:root:Erreur lors de la copie du fichier 2024-08-18 11-18-40.mp4: '/home/belouz/Bureau/BIBLO/2024-08-18 11-18-40.mp4' and '/home/belouz/Bureau/BIBLO/2024-08-18 11-18-40.mp4' are the same file
ERROR:root:Erreur lors de la copie du fichier VID_20240924_210219_510.mp4: '/home/belouz/Bureau/BIBLO/VID_20240924_210219_510.mp4' and '/home/belouz/Bureau/BIBLO/VID_20240924_210219_510.mp4' are the same file
ERROR:root:Erreur lors de la copie du fichier .trashed-1727896574-VID_20240902_201350_125.mp4: '/home/belouz/Bureau/BIBLO/.trashed-1727896574-VID_20240902_201350_125.mp4' and '/home/belouz/Bureau/BIBLO/.trashed-1727896574-VID_20240902_201350_125.mp4' are the same file
ERROR:root:Erreur lors de la copie du fichier VID_20240804_212358_850.mp4: '/home/belouz/Bureau/BIBLO/VID_20240804_212358_850.mp4' and '/home/belouz/Bureau/BIBLO/VID_20240804_212358_850.mp4' are the same file
ERROR:root:Erreur lors de la copie du fichier PyQt5 FULL Modern Gui Tutorial @2 - Login Form- GUI & Database [for beginner_Full-HD.mp4: '/home/belouz/Bureau/BIBLO/PyQt5 FULL Modern Gui Tutorial @2 - Login Form- GUI & Database [for beginner_Full-HD.mp4' and '/home/belouz/Bureau/BIBLO/PyQt5 FULL Modern Gui Tutorial @2 - Login Form- GUI & Database [for beginner_Full-HD.mp4' are the same file
ERROR:root:Erreur lors de la copie du fichier .trashed-1730469045-2089327476871928979.mp4: '/home/belouz/Bureau/BIBLO/.trashed-1730469045-2089327476871928979.mp4' and '/home/belouz/Bureau/BIBLO/.trashed-1730469045-2089327476871928979.mp4' are the same file
ERROR:root:Erreur lors de la copie du fichier VID_20240731_213214_403.mp4: '/home/belouz/Bureau/BIBLO/VID_20240731_213214_403.mp4' and '/home/belouz/Bureau/BIBLO/VID_20240731_213214_403.mp4' are the same file
ERROR:root:Erreur lors de la copie du fichier VID_20241001_192530_348.mp4: '/home/belouz/Bureau/BIBLO/VID_20241001_192530_348.mp4' and '/home/belouz/Bureau/BIBLO/VID_20241001_192530_348.mp4' are the same file
ERROR:root:Erreur lors de la copie du fichier VID_20241001_185015_425.mp4: '/home/belouz/Bureau/BIBLO/VID_20241001_185015_425.mp4' and '/home/belouz/Bureau/BIBLO/VID_20241001_185015_425.mp4' are the same file
ERROR:root:Erreur lors de la copie du fichier VID_20240802_092624_144.mp4: '/home/belouz/Bureau/BIBLO/VID_20240802_092624_144.mp4' and '/home/belouz/Bureau/BIBLO/VID_20240802_092624_144.mp4' are the same file
ERROR:root:Erreur lors de la copie du fichier Making Simple Graphical Linux Distro from Scratch_Full-HD.mp4: '/home/belouz/Bureau/BIBLO/Making Simple Graphical Linux Distro from Scratch_Full-HD.mp4' and '/home/belouz/Bureau/BIBLO/Making Simple Graphical Linux Distro from Scratch_Full-HD.mp4' are the same file
ERROR:root:Erreur lors de la copie du fichier .trashed-1730469045--6524693841902607638.mp4: '/home/belouz/Bureau/BIBLO/.trashed-1730469045--6524693841902607638.mp4' and '/home/belouz/Bureau/BIBLO/.trashed-1730469045--6524693841902607638.mp4' are the same file
ERROR:root:Erreur lors de la copie du fichier VID_20241001_181136_862.mp4: '/home/belouz/Bureau/BIBLO/VID_20241001_181136_862.mp4' and '/home/belouz/Bureau/BIBLO/VID_20241001_181136_862.mp4' are the same file
ERROR:root:Erreur lors de la copie du fichier VID_20241002_150425_973.mp4: '/home/belouz/Bureau/BIBLO/VID_20241002_150425_973.mp4' and '/home/belouz/Bureau/BIBLO/VID_20241002_150425_973.mp4' are the same file
ERROR:root:Erreur lors de la copie du fichier VID_20241002_150458_469.mp4: '/home/belouz/Bureau/BIBLO/VID_20241002_150458_469.mp4' and '/home/belouz/Bureau/BIBLO/VID_20241002_150458_469.mp4' are the same file
ERROR:root:Erreur lors de la copie du fichier VID_20240727_192621_124.mp4: '/home/belouz/Bureau/BIBLO/VID_20240727_192621_124.mp4' and '/home/belouz/Bureau/BIBLO/VID_20240727_192621_124.mp4' are the same file
ERROR:root:Erreur lors de la copie du fichier 2024-08-18 11-14-46.mkv: '/home/belouz/Bureau/BIBLO/2024-08-18 11-14-46.mkv' and '/home/belouz/Bureau/BIBLO/2024-08-18 11-14-46.mkv' are the same file
ERROR:root:Erreur lors de la copie du fichier VID_20240810_154339_454.mp4: '/home/belouz/Bureau/BIBLO/VID_20240810_154339_454.mp4' and '/home/belouz/Bureau/BIBLO/VID_20240810_154339_454.mp4' are the same file
ERROR:root:Erreur lors de la copie du fichier 2024-08-18 11-18-40.mkv: '/home/belouz/Bureau/BIBLO/2024-08-18 11-18-40.mkv' and '/home/belouz/Bureau/BIBLO/2024-08-18 11-18-40.mkv' are the same file
ERROR:root:Erreur lors de la copie du fichier 2024-08-18 11-14-46.mp4: '/home/belouz/Bureau/BIBLO/2024-08-18 11-14-46.mp4' and '/home/belouz/Bureau/BIBLO/2024-08-18 11-14-46.mp4' are the same file
ERROR:root:Erreur lors de la copie du fichier VID_20240921_201434_612.mp4: '/home/belouz/Bureau/BIBLO/VID_20240921_201434_612.mp4' and '/home/belouz/Bureau/BIBLO/VID_20240921_201434_612.mp4' are the same file
ERROR:root:Erreur lors de la copie du fichier PYTHON PROGRAMMATION ORIENTÉE OBJET et impact en machine learning (9-30)_Full-HD.mp4: '/home/belouz/Bureau/BIBLO/PYTHON PROGRAMMATION ORIENTÉE OBJET et impact en machine learning (9-30)_Full-HD.mp4' and '/home/belouz/Bureau/BIBLO/PYTHON PROGRAMMATION ORIENTÉE OBJET et impact en machine learning (9-30)_Full-HD.mp4' are the same file
ERROR:root:Erreur lors de la copie du fichier Convert GUI App to Real Program -  Python to exe to setup wizard_4K.mp4: '/home/belouz/Bureau/BIBLO/Convert GUI App to Real Program -  Python to exe to setup wizard_4K.mp4' and '/home/belouz/Bureau/BIBLO/Convert GUI App to Real Program -  Python to exe to setup wizard_4K.mp4' are the same file
ERROR:root:Erreur lors de la copie du fichier VID_20240816_163155_476.mp4: '/home/belouz/Bureau/BIBLO/VID_20240816_163155_476.mp4' and '/home/belouz/Bureau/BIBLO/VID_20240816_163155_476.mp4' are the same file
ERROR:root:Erreur lors de la copie du fichier 2024-08-18 11-18-40.mp4: '/home/belouz/Bureau/BIBLO/2024-08-18 11-18-40.mp4' and '/home/belouz/Bureau/BIBLO/2024-08-18 11-18-40.mp4' are the same file
ERROR:root:Erreur lors de la copie du fichier VID_20240924_210219_510.mp4: '/home/belouz/Bureau/BIBLO/VID_20240924_210219_510.mp4' and '/home/belouz/Bureau/BIBLO/VID_20240924_210219_510.mp4' are the same file
ERROR:root:Erreur lors de la copie du fichier .trashed-1727896574-VID_20240902_201350_125.mp4: '/home/belouz/Bureau/BIBLO/.trashed-1727896574-VID_20240902_201350_125.mp4' and '/home/belouz/Bureau/BIBLO/.trashed-1727896574-VID_20240902_201350_125.mp4' are the same file
ERROR:root:Erreur lors de la copie du fichier VID_20240804_212358_850.mp4: '/home/belouz/Bureau/BIBLO/VID_20240804_212358_850.mp4' and '/home/belouz/Bureau/BIBLO/VID_20240804_212358_850.mp4' are the same file
ERROR:root:Erreur lors de la copie du fichier PyQt5 FULL Modern Gui Tutorial @2 - Login Form- GUI & Database [for beginner_Full-HD.mp4: '/home/belouz/Bureau/BIBLO/PyQt5 FULL Modern Gui Tutorial @2 - Login Form- GUI & Database [for beginner_Full-HD.mp4' and '/home/belouz/Bureau/BIBLO/PyQt5 FULL Modern Gui Tutorial @2 - Login Form- GUI & Database [for beginner_Full-HD.mp4' are the same file
ERROR:root:Erreur lors de la copie du fichier .trashed-1730469045-2089327476871928979.mp4: '/home/belouz/Bureau/BIBLO/.trashed-1730469045-2089327476871928979.mp4' and '/home/belouz/Bureau/BIBLO/.trashed-1730469045-2089327476871928979.mp4' are the same file
ERROR:root:Erreur lors de la copie du fichier VID_20240731_213214_403.mp4: '/home/belouz/Bureau/BIBLO/VID_20240731_213214_403.mp4' and '/home/belouz/Bureau/BIBLO/VID_20240731_213214_403.mp4' are the same file
ERROR:root:Erreur lors de la copie du fichier VID_20241001_192530_348.mp4: '/home/belouz/Bureau/BIBLO/VID_20241001_192530_348.mp4' and '/home/belouz/Bureau/BIBLO/VID_20241001_192530_348.mp4' are the same file
ERROR:root:Erreur lors de la copie du fichier VID_20241001_185015_425.mp4: '/home/belouz/Bureau/BIBLO/VID_20241001_185015_425.mp4' and '/home/belouz/Bureau/BIBLO/VID_20241001_185015_425.mp4' are the same file
ERROR:root:Erreur lors de la copie du fichier VID_20240802_092624_144.mp4: '/home/belouz/Bureau/BIBLO/VID_20240802_092624_144.mp4' and '/home/belouz/Bureau/BIBLO/VID_20240802_092624_144.mp4' are the same file
ERROR:root:Erreur lors de la copie du fichier Making Simple Graphical Linux Distro from Scratch_Full-HD.mp4: '/home/belouz/Bureau/BIBLO/Making Simple Graphical Linux Distro from Scratch_Full-HD.mp4' and '/home/belouz/Bureau/BIBLO/Making Simple Graphical Linux Distro from Scratch_Full-HD.mp4' are the same file
ERROR:root:Erreur lors de la copie du fichier .trashed-1730469045--6524693841902607638.mp4: '/home/belouz/Bureau/BIBLO/.trashed-1730469045--6524693841902607638.mp4' and '/home/belouz/Bureau/BIBLO/.trashed-1730469045--6524693841902607638.mp4' are the same file
ERROR:root:Erreur lors de la copie du fichier VID_20241001_181136_862.mp4: '/home/belouz/Bureau/BIBLO/VID_20241001_181136_862.mp4' and '/home/belouz/Bureau/BIBLO/VID_20241001_181136_862.mp4' are the same file
ERROR:root:Erreur lors de la copie du fichier VID_20241002_150425_973.mp4: '/home/belouz/Bureau/BIBLO/VID_20241002_150425_973.mp4' and '/home/belouz/Bureau/BIBLO/VID_20241002_150425_973.mp4' are the same file
ERROR:root:Erreur lors de la copie du fichier VID_20241002_150458_469.mp4: '/home/belouz/Bureau/BIBLO/VID_20241002_150458_469.mp4' and '/home/belouz/Bureau/BIBLO/VID_20241002_150458_469.mp4' are the same file
ERROR:root:Erreur lors de la copie du fichier VID_20240727_192621_124.mp4: '/home/belouz/Bureau/BIBLO/VID_20240727_192621_124.mp4' and '/home/belouz/Bureau/BIBLO/VID_20240727_192621_124.mp4' are the same file
ERROR:root:Erreur lors de la copie du fichier 2024-08-18 11-14-46.mkv: '/home/belouz/Bureau/BIBLO/2024-08-18 11-14-46.mkv' and '/home/belouz/Bureau/BIBLO/2024-08-18 11-14-46.mkv' are the same file
ERROR:root:Erreur lors de la copie du fichier VID_20240810_154339_454.mp4: '/home/belouz/Bureau/BIBLO/VID_20240810_154339_454.mp4' and '/home/belouz/Bureau/BIBLO/VID_20240810_154339_454.mp4' are the same file
ERROR:root:Erreur lors de la copie du fichier 2024-08-18 11-18-40.mkv: '/home/belouz/Bureau/BIBLO/2024-08-18 11-18-40.mkv' and '/home/belouz/Bureau/BIBLO/2024-08-18 11-18-40.mkv' are the same file
ERROR:root:Erreur lors de la copie du fichier 2024-08-18 11-14-46.mp4: '/home/belouz/Bureau/BIBLO/2024-08-18 11-14-46.mp4' and '/home/belouz/Bureau/BIBLO/2024-08-18 11-14-46.mp4' are the same file
ERROR:root:Erreur lors de la copie du fichier VID_20240921_201434_612.mp4: '/home/belouz/Bureau/BIBLO/VID_20240921_201434_612.mp4' and '/home/belouz/Bureau/BIBLO/VID_20240921_201434_612.mp4' are the same file
